[2024-10-05T21:18:43.315+0700] {local_task_job_runner.py:123} INFO - ::group::Pre task execution logs
[2024-10-05T21:18:43.326+0700] {taskinstance.py:2612} INFO - Dependencies all met for dep_context=non-requeueable deps ti=<TaskInstance: talend_job_dag_Sync_Mysql_to_DWh_job.notify_success manual__2024-10-05T14:18:32.386943+00:00 [queued]>
[2024-10-05T21:18:43.333+0700] {taskinstance.py:2612} INFO - Dependencies all met for dep_context=requeueable deps ti=<TaskInstance: talend_job_dag_Sync_Mysql_to_DWh_job.notify_success manual__2024-10-05T14:18:32.386943+00:00 [queued]>
[2024-10-05T21:18:43.334+0700] {taskinstance.py:2865} INFO - Starting attempt 1 of 2
[2024-10-05T21:18:43.349+0700] {taskinstance.py:2888} INFO - Executing <Task(PythonOperator): notify_success> on 2024-10-05 14:18:32.386943+00:00
[2024-10-05T21:18:43.355+0700] {standard_task_runner.py:72} INFO - Started process 255854 to run task
[2024-10-05T21:18:43.361+0700] {standard_task_runner.py:104} INFO - Running: ['airflow', 'tasks', 'run', 'talend_job_dag_Sync_Mysql_to_DWh_job', 'notify_success', 'manual__2024-10-05T14:18:32.386943+00:00', '--job-id', '43', '--raw', '--subdir', 'DAGS_FOLDER/Sync_Mysql_to_DWh_job.py', '--cfg-path', '/tmp/tmpyokh9iv6']
[2024-10-05T21:18:43.362+0700] {standard_task_runner.py:105} INFO - Job 43: Subtask notify_success
[2024-10-05T21:18:43.441+0700] {task_command.py:467} INFO - Running <TaskInstance: talend_job_dag_Sync_Mysql_to_DWh_job.notify_success manual__2024-10-05T14:18:32.386943+00:00 [running]> on host linux-ip-147
[2024-10-05T21:18:43.585+0700] {taskinstance.py:3131} INFO - Exporting env vars: AIRFLOW_CTX_DAG_OWNER='airflow' AIRFLOW_CTX_DAG_ID='talend_job_dag_Sync_Mysql_to_DWh_job' AIRFLOW_CTX_TASK_ID='notify_success' AIRFLOW_CTX_EXECUTION_DATE='2024-10-05T14:18:32.386943+00:00' AIRFLOW_CTX_TRY_NUMBER='1' AIRFLOW_CTX_DAG_RUN_ID='manual__2024-10-05T14:18:32.386943+00:00'
[2024-10-05T21:18:43.588+0700] {logging_mixin.py:190} INFO - Task instance is in running state
[2024-10-05T21:18:43.589+0700] {logging_mixin.py:190} INFO -  Previous state of the Task instance: queued
[2024-10-05T21:18:43.589+0700] {logging_mixin.py:190} INFO - Current task name:notify_success state:running start_date:2024-10-05 14:18:43.326912+00:00
[2024-10-05T21:18:43.590+0700] {logging_mixin.py:190} INFO - Dag name:talend_job_dag_Sync_Mysql_to_DWh_job and current dag run status:running
[2024-10-05T21:18:43.590+0700] {taskinstance.py:731} INFO - ::endgroup::
[2024-10-05T21:18:44.685+0700] {Sync_Mysql_to_DWh_job.py:37} INFO - Gửi thành công: {'ok': True, 'result': {'message_id': 237, 'from': {'id': 7156222811, 'is_bot': True, 'first_name': 'etlbot', 'username': 'talend_etl_bot'}, 'chat': {'id': -4560962078, 'title': 'notify_talend_etl', 'type': 'group', 'all_members_are_administrators': True}, 'date': 1728137924, 'text': 'Job Talend trên Airflow đã chạy thành công!'}}
[2024-10-05T21:18:44.686+0700] {python.py:240} INFO - Done. Returned value was: None
[2024-10-05T21:18:44.698+0700] {taskinstance.py:340} INFO - ::group::Post task execution logs
[2024-10-05T21:18:44.699+0700] {taskinstance.py:352} INFO - Marking task as SUCCESS. dag_id=talend_job_dag_Sync_Mysql_to_DWh_job, task_id=notify_success, run_id=manual__2024-10-05T14:18:32.386943+00:00, execution_date=20241005T141832, start_date=20241005T141843, end_date=20241005T141844
[2024-10-05T21:18:44.719+0700] {logging_mixin.py:190} INFO - Task instance in success state
[2024-10-05T21:18:44.720+0700] {logging_mixin.py:190} INFO -  Previous state of the Task instance: running
[2024-10-05T21:18:44.721+0700] {logging_mixin.py:190} INFO - Dag name:talend_job_dag_Sync_Mysql_to_DWh_job queued_at:2024-10-05 14:18:32.415849+00:00
[2024-10-05T21:18:44.721+0700] {logging_mixin.py:190} INFO - Task hostname:linux-ip-147 operator:PythonOperator
[2024-10-05T21:18:44.748+0700] {local_task_job_runner.py:266} INFO - Task exited with return code 0
[2024-10-05T21:18:44.779+0700] {taskinstance.py:3900} INFO - 0 downstream tasks scheduled from follow-on schedule check
[2024-10-05T21:18:44.781+0700] {local_task_job_runner.py:245} INFO - ::endgroup::
