[2024-10-05T20:47:40.452+0700] {local_task_job_runner.py:123} INFO - ::group::Pre task execution logs
[2024-10-05T20:47:40.463+0700] {taskinstance.py:2612} INFO - Dependencies all met for dep_context=non-requeueable deps ti=<TaskInstance: talend_job_dag_Sync_Mysql_to_DWh_job.notify_success manual__2024-10-05T13:47:27.468801+00:00 [queued]>
[2024-10-05T20:47:40.470+0700] {taskinstance.py:2612} INFO - Dependencies all met for dep_context=requeueable deps ti=<TaskInstance: talend_job_dag_Sync_Mysql_to_DWh_job.notify_success manual__2024-10-05T13:47:27.468801+00:00 [queued]>
[2024-10-05T20:47:40.471+0700] {taskinstance.py:2865} INFO - Starting attempt 1 of 2
[2024-10-05T20:47:40.487+0700] {taskinstance.py:2888} INFO - Executing <Task(PythonOperator): notify_success> on 2024-10-05 13:47:27.468801+00:00
[2024-10-05T20:47:40.492+0700] {standard_task_runner.py:72} INFO - Started process 253990 to run task
[2024-10-05T20:47:40.507+0700] {standard_task_runner.py:104} INFO - Running: ['airflow', 'tasks', 'run', 'talend_job_dag_Sync_Mysql_to_DWh_job', 'notify_success', 'manual__2024-10-05T13:47:27.468801+00:00', '--job-id', '36', '--raw', '--subdir', 'DAGS_FOLDER/Sync_Mysql_to_DWh_job.py', '--cfg-path', '/tmp/tmp0kk067lr']
[2024-10-05T20:47:40.508+0700] {standard_task_runner.py:105} INFO - Job 36: Subtask notify_success
[2024-10-05T20:47:40.563+0700] {task_command.py:467} INFO - Running <TaskInstance: talend_job_dag_Sync_Mysql_to_DWh_job.notify_success manual__2024-10-05T13:47:27.468801+00:00 [running]> on host linux-ip-147
[2024-10-05T20:47:40.704+0700] {taskinstance.py:3131} INFO - Exporting env vars: AIRFLOW_CTX_DAG_OWNER='airflow' AIRFLOW_CTX_DAG_ID='talend_job_dag_Sync_Mysql_to_DWh_job' AIRFLOW_CTX_TASK_ID='notify_success' AIRFLOW_CTX_EXECUTION_DATE='2024-10-05T13:47:27.468801+00:00' AIRFLOW_CTX_TRY_NUMBER='1' AIRFLOW_CTX_DAG_RUN_ID='manual__2024-10-05T13:47:27.468801+00:00'
[2024-10-05T20:47:40.707+0700] {logging_mixin.py:190} INFO - Task instance is in running state
[2024-10-05T20:47:40.708+0700] {logging_mixin.py:190} INFO -  Previous state of the Task instance: queued
[2024-10-05T20:47:40.709+0700] {logging_mixin.py:190} INFO - Current task name:notify_success state:running start_date:2024-10-05 13:47:40.463711+00:00
[2024-10-05T20:47:40.709+0700] {logging_mixin.py:190} INFO - Dag name:talend_job_dag_Sync_Mysql_to_DWh_job and current dag run status:running
[2024-10-05T20:47:40.710+0700] {taskinstance.py:731} INFO - ::endgroup::
[2024-10-05T20:47:41.917+0700] {Sync_Mysql_to_DWh_job.py:37} INFO - Gửi thành công: {'ok': True, 'result': {'message_id': 231, 'from': {'id': 7156222811, 'is_bot': True, 'first_name': 'etlbot', 'username': 'talend_etl_bot'}, 'chat': {'id': -4560962078, 'title': 'notify_talend_etl', 'type': 'group', 'all_members_are_administrators': True}, 'date': 1728136061, 'text': 'Job Talend trên Airflow đã chạy thành công!'}}
[2024-10-05T20:47:41.918+0700] {python.py:240} INFO - Done. Returned value was: None
[2024-10-05T20:47:41.931+0700] {taskinstance.py:340} INFO - ::group::Post task execution logs
[2024-10-05T20:47:41.932+0700] {taskinstance.py:352} INFO - Marking task as SUCCESS. dag_id=talend_job_dag_Sync_Mysql_to_DWh_job, task_id=notify_success, run_id=manual__2024-10-05T13:47:27.468801+00:00, execution_date=20241005T134727, start_date=20241005T134740, end_date=20241005T134741
[2024-10-05T20:47:41.951+0700] {logging_mixin.py:190} INFO - Task instance in success state
[2024-10-05T20:47:41.952+0700] {logging_mixin.py:190} INFO -  Previous state of the Task instance: running
[2024-10-05T20:47:41.953+0700] {logging_mixin.py:190} INFO - Dag name:talend_job_dag_Sync_Mysql_to_DWh_job queued_at:2024-10-05 13:47:27.500293+00:00
[2024-10-05T20:47:41.954+0700] {logging_mixin.py:190} INFO - Task hostname:linux-ip-147 operator:PythonOperator
[2024-10-05T20:47:41.970+0700] {local_task_job_runner.py:266} INFO - Task exited with return code 0
[2024-10-05T20:47:42.004+0700] {taskinstance.py:3900} INFO - 0 downstream tasks scheduled from follow-on schedule check
[2024-10-05T20:47:42.006+0700] {local_task_job_runner.py:245} INFO - ::endgroup::
