[2024-10-06T15:00:12.266+0700] {local_task_job_runner.py:123} INFO - ::group::Pre task execution logs
[2024-10-06T15:00:12.288+0700] {taskinstance.py:2612} INFO - Dependencies all met for dep_context=non-requeueable deps ti=<TaskInstance: talend_job_dag_Sync_Mysql_to_DWh_job.notify_success scheduled__2024-10-05T08:00:00+00:00 [queued]>
[2024-10-06T15:00:12.302+0700] {taskinstance.py:2612} INFO - Dependencies all met for dep_context=requeueable deps ti=<TaskInstance: talend_job_dag_Sync_Mysql_to_DWh_job.notify_success scheduled__2024-10-05T08:00:00+00:00 [queued]>
[2024-10-06T15:00:12.302+0700] {taskinstance.py:2865} INFO - Starting attempt 1 of 2
[2024-10-06T15:00:12.332+0700] {taskinstance.py:2888} INFO - Executing <Task(PythonOperator): notify_success> on 2024-10-05 08:00:00+00:00
[2024-10-06T15:00:12.341+0700] {standard_task_runner.py:72} INFO - Started process 315998 to run task
[2024-10-06T15:00:12.353+0700] {standard_task_runner.py:104} INFO - Running: ['airflow', 'tasks', 'run', 'talend_job_dag_Sync_Mysql_to_DWh_job', 'notify_success', 'scheduled__2024-10-05T08:00:00+00:00', '--job-id', '56', '--raw', '--subdir', 'DAGS_FOLDER/Sync_Mysql_to_DWh_job.py', '--cfg-path', '/tmp/tmpvvm0f8u4']
[2024-10-06T15:00:12.354+0700] {standard_task_runner.py:105} INFO - Job 56: Subtask notify_success
[2024-10-06T15:00:12.454+0700] {task_command.py:467} INFO - Running <TaskInstance: talend_job_dag_Sync_Mysql_to_DWh_job.notify_success scheduled__2024-10-05T08:00:00+00:00 [running]> on host linux-ip-147
[2024-10-06T15:00:12.625+0700] {taskinstance.py:3131} INFO - Exporting env vars: AIRFLOW_CTX_DAG_OWNER='airflow' AIRFLOW_CTX_DAG_ID='talend_job_dag_Sync_Mysql_to_DWh_job' AIRFLOW_CTX_TASK_ID='notify_success' AIRFLOW_CTX_EXECUTION_DATE='2024-10-05T08:00:00+00:00' AIRFLOW_CTX_TRY_NUMBER='1' AIRFLOW_CTX_DAG_RUN_ID='scheduled__2024-10-05T08:00:00+00:00'
[2024-10-06T15:00:12.628+0700] {logging_mixin.py:190} INFO - Task instance is in running state
[2024-10-06T15:00:12.629+0700] {logging_mixin.py:190} INFO -  Previous state of the Task instance: queued
[2024-10-06T15:00:12.629+0700] {logging_mixin.py:190} INFO - Current task name:notify_success state:running start_date:2024-10-06 08:00:12.289204+00:00
[2024-10-06T15:00:12.630+0700] {logging_mixin.py:190} INFO - Dag name:talend_job_dag_Sync_Mysql_to_DWh_job and current dag run status:running
[2024-10-06T15:00:12.631+0700] {taskinstance.py:731} INFO - ::endgroup::
[2024-10-06T15:00:13.655+0700] {Sync_Mysql_to_DWh_job.py:36} INFO - Gửi thành công: {'ok': True, 'result': {'message_id': 245, 'from': {'id': 7156222811, 'is_bot': True, 'first_name': 'etlbot', 'username': 'talend_etl_bot'}, 'chat': {'id': -4560962078, 'title': 'notify_talend_etl', 'type': 'group', 'all_members_are_administrators': True}, 'date': 1728201613, 'text': 'Job Talend trên Airflow đã chạy thành công!\nTask: notify_success\nThời gian bắt đầu: 2024-10-06 08:00:12.289204+00:00\nThời gian kết thúc: None\nExecution Date: 2024-10-05 08:00:00+00:00'}}
[2024-10-06T15:00:13.656+0700] {python.py:240} INFO - Done. Returned value was: None
[2024-10-06T15:00:13.668+0700] {taskinstance.py:340} INFO - ::group::Post task execution logs
[2024-10-06T15:00:13.669+0700] {taskinstance.py:352} INFO - Marking task as SUCCESS. dag_id=talend_job_dag_Sync_Mysql_to_DWh_job, task_id=notify_success, run_id=scheduled__2024-10-05T08:00:00+00:00, execution_date=20241005T080000, start_date=20241006T080012, end_date=20241006T080013
[2024-10-06T15:00:13.689+0700] {logging_mixin.py:190} INFO - Task instance in success state
[2024-10-06T15:00:13.689+0700] {logging_mixin.py:190} INFO -  Previous state of the Task instance: running
[2024-10-06T15:00:13.690+0700] {logging_mixin.py:190} INFO - Dag name:talend_job_dag_Sync_Mysql_to_DWh_job queued_at:2024-10-06 08:00:01.134374+00:00
[2024-10-06T15:00:13.690+0700] {logging_mixin.py:190} INFO - Task hostname:linux-ip-147 operator:PythonOperator
[2024-10-06T15:00:13.738+0700] {local_task_job_runner.py:266} INFO - Task exited with return code 0
[2024-10-06T15:00:13.772+0700] {taskinstance.py:3900} INFO - 0 downstream tasks scheduled from follow-on schedule check
[2024-10-06T15:00:13.773+0700] {local_task_job_runner.py:245} INFO - ::endgroup::
