[2024-10-05T21:30:23.027+0700] {local_task_job_runner.py:123} INFO - ::group::Pre task execution logs
[2024-10-05T21:30:23.037+0700] {taskinstance.py:2612} INFO - Dependencies all met for dep_context=non-requeueable deps ti=<TaskInstance: talend_job_dag_Sync_Mysql_to_DWh_job.run_talend_job manual__2024-10-05T14:30:18.597436+00:00 [queued]>
[2024-10-05T21:30:23.044+0700] {taskinstance.py:2612} INFO - Dependencies all met for dep_context=requeueable deps ti=<TaskInstance: talend_job_dag_Sync_Mysql_to_DWh_job.run_talend_job manual__2024-10-05T14:30:18.597436+00:00 [queued]>
[2024-10-05T21:30:23.044+0700] {taskinstance.py:2865} INFO - Starting attempt 1 of 2
[2024-10-05T21:30:23.058+0700] {taskinstance.py:2888} INFO - Executing <Task(BashOperator): run_talend_job> on 2024-10-05 14:30:18.597436+00:00
[2024-10-05T21:30:23.062+0700] {standard_task_runner.py:72} INFO - Started process 256522 to run task
[2024-10-05T21:30:23.077+0700] {standard_task_runner.py:104} INFO - Running: ['airflow', 'tasks', 'run', 'talend_job_dag_Sync_Mysql_to_DWh_job', 'run_talend_job', 'manual__2024-10-05T14:30:18.597436+00:00', '--job-id', '46', '--raw', '--subdir', 'DAGS_FOLDER/Sync_Mysql_to_DWh_job.py', '--cfg-path', '/tmp/tmpfr_2tk7k']
[2024-10-05T21:30:23.079+0700] {standard_task_runner.py:105} INFO - Job 46: Subtask run_talend_job
[2024-10-05T21:30:23.182+0700] {task_command.py:467} INFO - Running <TaskInstance: talend_job_dag_Sync_Mysql_to_DWh_job.run_talend_job manual__2024-10-05T14:30:18.597436+00:00 [running]> on host linux-ip-147
[2024-10-05T21:30:23.271+0700] {taskinstance.py:3131} INFO - Exporting env vars: AIRFLOW_CTX_DAG_OWNER='airflow' AIRFLOW_CTX_DAG_ID='talend_job_dag_Sync_Mysql_to_DWh_job' AIRFLOW_CTX_TASK_ID='run_talend_job' AIRFLOW_CTX_EXECUTION_DATE='2024-10-05T14:30:18.597436+00:00' AIRFLOW_CTX_TRY_NUMBER='1' AIRFLOW_CTX_DAG_RUN_ID='manual__2024-10-05T14:30:18.597436+00:00'
[2024-10-05T21:30:23.275+0700] {logging_mixin.py:190} INFO - Task instance is in running state
[2024-10-05T21:30:23.275+0700] {logging_mixin.py:190} INFO -  Previous state of the Task instance: queued
[2024-10-05T21:30:23.276+0700] {logging_mixin.py:190} INFO - Current task name:run_talend_job state:running start_date:2024-10-05 14:30:23.037786+00:00
[2024-10-05T21:30:23.276+0700] {logging_mixin.py:190} INFO - Dag name:talend_job_dag_Sync_Mysql_to_DWh_job and current dag run status:running
[2024-10-05T21:30:23.277+0700] {taskinstance.py:731} INFO - ::endgroup::
[2024-10-05T21:30:23.279+0700] {subprocess.py:63} INFO - Tmp dir root location: /tmp
[2024-10-05T21:30:23.280+0700] {subprocess.py:75} INFO - Running command: ['/usr/bin/bash', '-c', '"/opt/Sync_Mysql_to_DWH_Job/run_Sync_Mysql_to_DWH_job.sh"']
[2024-10-05T21:30:23.291+0700] {subprocess.py:86} INFO - Output:
[2024-10-05T21:30:26.961+0700] {subprocess.py:97} INFO - Command exited with return code 0
[2024-10-05T21:30:27.023+0700] {taskinstance.py:340} INFO - ::group::Post task execution logs
[2024-10-05T21:30:27.024+0700] {taskinstance.py:352} INFO - Marking task as SUCCESS. dag_id=talend_job_dag_Sync_Mysql_to_DWh_job, task_id=run_talend_job, run_id=manual__2024-10-05T14:30:18.597436+00:00, execution_date=20241005T143018, start_date=20241005T143023, end_date=20241005T143027
[2024-10-05T21:30:27.049+0700] {logging_mixin.py:190} INFO - Task instance in success state
[2024-10-05T21:30:27.049+0700] {logging_mixin.py:190} INFO -  Previous state of the Task instance: running
[2024-10-05T21:30:27.050+0700] {logging_mixin.py:190} INFO - Dag name:talend_job_dag_Sync_Mysql_to_DWh_job queued_at:2024-10-05 14:30:18.635227+00:00
[2024-10-05T21:30:27.051+0700] {logging_mixin.py:190} INFO - Task hostname:linux-ip-147 operator:BashOperator
[2024-10-05T21:30:27.076+0700] {local_task_job_runner.py:266} INFO - Task exited with return code 0
[2024-10-05T21:30:27.129+0700] {taskinstance.py:3900} INFO - 1 downstream tasks scheduled from follow-on schedule check
[2024-10-05T21:30:27.135+0700] {local_task_job_runner.py:245} INFO - ::endgroup::
