[2024-10-05T02:22:45.300+0700] {local_task_job_runner.py:123} INFO - ::group::Pre task execution logs
[2024-10-05T02:22:45.313+0700] {taskinstance.py:2612} INFO - Dependencies all met for dep_context=non-requeueable deps ti=<TaskInstance: example_branch_datetime_operator.datetime_branch scheduled__2024-10-03T00:00:00+00:00 [queued]>
[2024-10-05T02:22:45.319+0700] {taskinstance.py:2612} INFO - Dependencies all met for dep_context=requeueable deps ti=<TaskInstance: example_branch_datetime_operator.datetime_branch scheduled__2024-10-03T00:00:00+00:00 [queued]>
[2024-10-05T02:22:45.320+0700] {taskinstance.py:2865} INFO - Starting attempt 1 of 1
[2024-10-05T02:22:45.334+0700] {taskinstance.py:2888} INFO - Executing <Task(BranchDateTimeOperator): datetime_branch> on 2024-10-03 00:00:00+00:00
[2024-10-05T02:22:45.339+0700] {standard_task_runner.py:72} INFO - Started process 190016 to run task
[2024-10-05T02:22:45.351+0700] {standard_task_runner.py:104} INFO - Running: ['airflow', 'tasks', 'run', 'example_branch_datetime_operator', 'datetime_branch', 'scheduled__2024-10-03T00:00:00+00:00', '--job-id', '3', '--raw', '--subdir', '/usr/local/lib/python3.10/dist-packages/airflow/example_dags/example_branch_datetime_operator.py', '--cfg-path', '/tmp/tmp4_oll01o']
[2024-10-05T02:22:45.351+0700] {standard_task_runner.py:105} INFO - Job 3: Subtask datetime_branch
[2024-10-05T02:22:45.417+0700] {task_command.py:467} INFO - Running <TaskInstance: example_branch_datetime_operator.datetime_branch scheduled__2024-10-03T00:00:00+00:00 [running]> on host linux-ip-147
[2024-10-05T02:22:45.503+0700] {taskinstance.py:3131} INFO - Exporting env vars: AIRFLOW_CTX_DAG_OWNER='airflow' AIRFLOW_CTX_DAG_ID='example_branch_datetime_operator' AIRFLOW_CTX_TASK_ID='datetime_branch' AIRFLOW_CTX_EXECUTION_DATE='2024-10-03T00:00:00+00:00' AIRFLOW_CTX_TRY_NUMBER='1' AIRFLOW_CTX_DAG_RUN_ID='scheduled__2024-10-03T00:00:00+00:00'
[2024-10-05T02:22:45.505+0700] {logging_mixin.py:190} INFO - Task instance is in running state
[2024-10-05T02:22:45.505+0700] {logging_mixin.py:190} INFO -  Previous state of the Task instance: queued
[2024-10-05T02:22:45.506+0700] {logging_mixin.py:190} INFO - Current task name:datetime_branch state:running start_date:2024-10-04 19:22:45.313979+00:00
[2024-10-05T02:22:45.506+0700] {logging_mixin.py:190} INFO - Dag name:example_branch_datetime_operator and current dag run status:running
[2024-10-05T02:22:45.506+0700] {taskinstance.py:731} INFO - ::endgroup::
[2024-10-05T02:22:45.506+0700] {branch.py:38} INFO - Branch into ['date_outside_range']
[2024-10-05T02:22:45.507+0700] {skipmixin.py:230} INFO - Following branch {'date_outside_range'}
[2024-10-05T02:22:45.515+0700] {skipmixin.py:278} INFO - Skipping tasks [('date_in_range', -1)]
[2024-10-05T02:22:45.549+0700] {taskinstance.py:340} INFO - ::group::Post task execution logs
[2024-10-05T02:22:45.550+0700] {taskinstance.py:352} INFO - Marking task as SUCCESS. dag_id=example_branch_datetime_operator, task_id=datetime_branch, run_id=scheduled__2024-10-03T00:00:00+00:00, execution_date=20241003T000000, start_date=20241004T192245, end_date=20241004T192245
[2024-10-05T02:22:45.566+0700] {logging_mixin.py:190} INFO - Task instance in success state
[2024-10-05T02:22:45.567+0700] {logging_mixin.py:190} INFO -  Previous state of the Task instance: running
[2024-10-05T02:22:45.567+0700] {logging_mixin.py:190} INFO - Dag name:example_branch_datetime_operator queued_at:2024-10-04 19:22:42.826234+00:00
[2024-10-05T02:22:45.567+0700] {logging_mixin.py:190} INFO - Task hostname:linux-ip-147 operator:BranchDateTimeOperator
[2024-10-05T02:22:45.606+0700] {local_task_job_runner.py:266} INFO - Task exited with return code 0
[2024-10-05T02:22:45.646+0700] {taskinstance.py:3900} INFO - 0 downstream tasks scheduled from follow-on schedule check
[2024-10-05T02:22:45.647+0700] {local_task_job_runner.py:245} INFO - ::endgroup::
